<?xml version="1.0" encoding="utf-8"?>
<?AutomationStudio Version="4.7.3.93 SP"?>
<Objects>
  <Object
    Path="C:\Users\User\Desktop\IP001\IP001\Logical\Package.pkg"
    LogicalPath=""
    Type="Package.ParentUnknown"
    LastWriteTime="132718368018598097" />
  <Object
    Path="C:\Users\User\Desktop\IP001\IP001\Logical\Global.typ"
    LogicalPath="Global.typ"
    Type="File"
    LastWriteTime="132683098418359002"
    Private="false" />
  <Object
    Path="C:\Users\User\Desktop\IP001\IP001\Logical\Global.var"
    LogicalPath="Global.var"
    Type="File"
    LastWriteTime="132683098418515003"
    Private="false" />
  <Object
    Path="C:\Users\User\Desktop\IP001\IP001\Logical\Libraries\Package.pkg"
    LogicalPath="Libraries"
    Type="Package"
    LastWriteTime="132718389325241571" />
  <Object
    Path="C:\Users\User\Desktop\IP001\IP001\Logical\Libraries\operator\binary.lby"
    LogicalPath="Libraries.operator"
    Type="Library"
    LastWriteTime="132683098514143171" />
  <Object
    Path="C:\Users\User\Desktop\IP001\IP001\Logical\Libraries\operator\operator.fun"
    LogicalPath="Libraries.operator.operator.fun"
    Type="File"
    LastWriteTime="132683098514143171"
    Private="false" />
  <Object
    Path="C:\Users\User\Desktop\IP001\IP001\Logical\Libraries\operator\operator.typ"
    LogicalPath="Libraries.operator.operator.typ"
    Type="File"
    LastWriteTime="132683098514143171"
    Private="false" />
  <Object
    Path="C:\Users\User\Desktop\IP001\IP001\Logical\Libraries\operator\operator.var"
    LogicalPath="Libraries.operator.operator.var"
    Type="File"
    LastWriteTime="132683098514143171"
    Private="false" />
  <Object
    Path="C:\Users\User\Desktop\IP001\IP001\Logical\Libraries\runtime\binary.lby"
    LogicalPath="Libraries.runtime"
    Type="Library"
    LastWriteTime="132683098518043177" />
  <Object
    Path="C:\Users\User\Desktop\IP001\IP001\Logical\Libraries\runtime\runtime.fun"
    LogicalPath="Libraries.runtime.runtime.fun"
    Type="File"
    LastWriteTime="132683098517887177"
    Private="false" />
  <Object
    Path="C:\Users\User\Desktop\IP001\IP001\Logical\Libraries\runtime\runtime.typ"
    LogicalPath="Libraries.runtime.runtime.typ"
    Type="File"
    LastWriteTime="132683098518043177"
    Private="false" />
  <Object
    Path="C:\Users\User\Desktop\IP001\IP001\Logical\Libraries\runtime\runtime.var"
    LogicalPath="Libraries.runtime.runtime.var"
    Type="File"
    LastWriteTime="132683098518043177"
    Private="false" />
  <Object
    Path="C:\Users\User\Desktop\IP001\IP001\Logical\Libraries\astime\binary.lby"
    LogicalPath="Libraries.astime"
    Type="Library"
    LastWriteTime="132683098525531191" />
  <Object
    Path="C:\Users\User\Desktop\IP001\IP001\Logical\Libraries\astime\astime.fun"
    LogicalPath="Libraries.astime.astime.fun"
    Type="File"
    LastWriteTime="132683098525531191"
    Private="false" />
  <Object
    Path="C:\Users\User\Desktop\IP001\IP001\Logical\Libraries\astime\astime.typ"
    LogicalPath="Libraries.astime.astime.typ"
    Type="File"
    LastWriteTime="132683098525531191"
    Private="false" />
  <Object
    Path="C:\Users\User\Desktop\IP001\IP001\Logical\Libraries\astime\astime.var"
    LogicalPath="Libraries.astime.astime.var"
    Type="File"
    LastWriteTime="132683098525531191"
    Private="false" />
  <Object
    Path="C:\Users\User\Desktop\IP001\IP001\Logical\Libraries\AsIecCon\binary.lby"
    LogicalPath="Libraries.AsIecCon"
    Type="Library"
    LastWriteTime="132683098530055198" />
  <Object
    Path="C:\Users\User\Desktop\IP001\IP001\Logical\Libraries\AsIecCon\AsIecCon.fun"
    LogicalPath="Libraries.AsIecCon.AsIecCon.fun"
    Type="File"
    LastWriteTime="132683098529899198"
    Private="false" />
  <Object
    Path="C:\Users\User\Desktop\IP001\IP001\Logical\Libraries\AsIecCon\AsIecCon.typ"
    LogicalPath="Libraries.AsIecCon.AsIecCon.typ"
    Type="File"
    LastWriteTime="132683098530055198"
    Private="false" />
  <Object
    Path="C:\Users\User\Desktop\IP001\IP001\Logical\Libraries\AsIecCon\AsIecCon.var"
    LogicalPath="Libraries.AsIecCon.AsIecCon.var"
    Type="File"
    LastWriteTime="132683098530055198"
    Private="false" />
  <Object
    Path="C:\Users\User\Desktop\IP001\IP001\Logical\Libraries\Lib489\IEC.lby"
    LogicalPath="Libraries.Lib489"
    Type="Library"
    LastWriteTime="132683152312230534" />
  <Object
    Path="C:\Users\User\Desktop\IP001\IP001\Logical\Libraries\Lib489\Types.typ"
    LogicalPath="Libraries.Lib489.Types.typ"
    Type="File"
    LastWriteTime="132683152310670532"
    Private="false" />
  <Object
    Path="C:\Users\User\Desktop\IP001\IP001\Logical\Libraries\Lib489\Constants.var"
    LogicalPath="Libraries.Lib489.Constants.var"
    Type="File"
    LastWriteTime="132683152310670532"
    Private="false" />
  <Object
    Path="C:\Users\User\Desktop\IP001\IP001\Logical\Libraries\Lib489\Lib489.fun"
    LogicalPath="Libraries.Lib489.Lib489.fun"
    Type="File"
    LastWriteTime="132683152310826532"
    Private="false" />
  <Object
    Path="C:\Users\User\Desktop\IP001\IP001\Logical\Libraries\Lib489\FPostGassing.st"
    LogicalPath="Libraries.Lib489.FPostGassing.st"
    Type="File"
    LastWriteTime="132683152310982532"
    Private="false" />
  <Object
    Path="C:\Users\User\Desktop\IP001\IP001\Logical\Libraries\Lib489\FValve.st"
    LogicalPath="Libraries.Lib489.FValve.st"
    Type="File"
    LastWriteTime="132720273147550827"
    Private="false" />
  <Object
    Path="C:\Users\User\Desktop\IP001\IP001\Logical\Libraries\Lib489\FAI.st"
    LogicalPath="Libraries.Lib489.FAI.st"
    Type="File"
    LastWriteTime="132683152311294533"
    Private="false" />
  <Object
    Path="C:\Users\User\Desktop\IP001\IP001\Logical\Libraries\Lib489\FDI.st"
    LogicalPath="Libraries.Lib489.FDI.st"
    Type="File"
    LastWriteTime="132683152311294533"
    Private="false" />
  <Object
    Path="C:\Users\User\Desktop\IP001\IP001\Logical\Libraries\Lib489\FDO.st"
    LogicalPath="Libraries.Lib489.FDO.st"
    Type="File"
    LastWriteTime="132683152311294533"
    Private="false" />
  <Object
    Path="C:\Users\User\Desktop\IP001\IP001\Logical\Libraries\Lib489\FAO.st"
    LogicalPath="Libraries.Lib489.FAO.st"
    Type="File"
    LastWriteTime="132683152311450533"
    Private="false" />
  <Object
    Path="C:\Users\User\Desktop\IP001\IP001\Logical\Libraries\Lib489\FPIDreg_r.st"
    LogicalPath="Libraries.Lib489.FPIDreg_r.st"
    Type="File"
    LastWriteTime="132683152311450533"
    Private="false" />
  <Object
    Path="C:\Users\User\Desktop\IP001\IP001\Logical\Libraries\Lib489\FMotor.st"
    LogicalPath="Libraries.Lib489.FMotor.st"
    Type="File"
    LastWriteTime="132683152311450533"
    Private="false" />
  <Object
    Path="C:\Users\User\Desktop\IP001\IP001\Logical\Libraries\Lib489\PassportValve.st"
    LogicalPath="Libraries.Lib489.PassportValve.st"
    Type="File"
    LastWriteTime="132683152311450533"
    Private="false" />
  <Object
    Path="C:\Users\User\Desktop\IP001\IP001\Logical\Libraries\Lib489\PassportAI.st"
    LogicalPath="Libraries.Lib489.PassportAI.st"
    Type="File"
    LastWriteTime="132683152311450533"
    Private="false" />
  <Object
    Path="C:\Users\User\Desktop\IP001\IP001\Logical\Libraries\Lib489\FDISKRreg_r.st"
    LogicalPath="Libraries.Lib489.FDISKRreg_r.st"
    Type="File"
    LastWriteTime="132683152311450533"
    Private="false" />
  <Object
    Path="C:\Users\User\Desktop\IP001\IP001\Logical\Libraries\Lib489\UVP_TCP.st"
    LogicalPath="Libraries.Lib489.UVP_TCP.st"
    Type="File"
    LastWriteTime="132683152311450533"
    Private="false" />
  <Object
    Path="C:\Users\User\Desktop\IP001\IP001\Logical\Libraries\Lib489\FMHCounter.st"
    LogicalPath="Libraries.Lib489.FMHCounter.st"
    Type="File"
    LastWriteTime="132683152311450533"
    Private="false" />
  <Object
    Path="C:\Users\User\Desktop\IP001\IP001\Logical\Libraries\Lib489\FTorch.st"
    LogicalPath="Libraries.Lib489.FTorch.st"
    Type="File"
    LastWriteTime="132683152311450533"
    Private="false" />
  <Object
    Path="C:\Users\User\Desktop\IP001\IP001\Logical\Libraries\Lib489\ABAK_TCP.st"
    LogicalPath="Libraries.Lib489.ABAK_TCP.st"
    Type="File"
    LastWriteTime="132683152311606533"
    Private="false" />
  <Object
    Path="C:\Users\User\Desktop\IP001\IP001\Logical\Libraries\Lib489\FSwitch.st"
    LogicalPath="Libraries.Lib489.FSwitch.st"
    Type="File"
    LastWriteTime="132683152311606533"
    Private="false" />
  <Object
    Path="C:\Users\User\Desktop\IP001\IP001\Logical\Libraries\Lib489\fCmdCOM.st"
    LogicalPath="Libraries.Lib489.fCmdCOM.st"
    Type="File"
    LastWriteTime="132683152311606533"
    Private="false" />
  <Object
    Path="C:\Users\User\Desktop\IP001\IP001\Logical\Libraries\Lib489\fOpenCOM.st"
    LogicalPath="Libraries.Lib489.fOpenCOM.st"
    Type="File"
    LastWriteTime="132683152311606533"
    Private="false" />
  <Object
    Path="C:\Users\User\Desktop\IP001\IP001\Logical\Libraries\Lib489\fCloseCOM.st"
    LogicalPath="Libraries.Lib489.fCloseCOM.st"
    Type="File"
    LastWriteTime="132683152311606533"
    Private="false" />
  <Object
    Path="C:\Users\User\Desktop\IP001\IP001\Logical\Libraries\Lib489\FAlarm.st"
    LogicalPath="Libraries.Lib489.FAlarm.st"
    Type="File"
    LastWriteTime="132683152311606533"
    Private="false" />
  <Object
    Path="C:\Users\User\Desktop\IP001\IP001\Logical\Libraries\Lib489\UVP_RTU.st"
    LogicalPath="Libraries.Lib489.UVP_RTU.st"
    Type="File"
    LastWriteTime="132683152311918534"
    Private="false" />
  <Object
    Path="C:\Users\User\Desktop\IP001\IP001\Logical\Libraries\Lib489\mbReadHoldingRegs.st"
    LogicalPath="Libraries.Lib489.mbReadHoldingRegs.st"
    Type="File"
    LastWriteTime="132683152311918534"
    Private="false" />
  <Object
    Path="C:\Users\User\Desktop\IP001\IP001\Logical\Libraries\Lib489\mbReadInputRegs.st"
    LogicalPath="Libraries.Lib489.mbReadInputRegs.st"
    Type="File"
    LastWriteTime="132683152311918534"
    Private="false" />
  <Object
    Path="C:\Users\User\Desktop\IP001\IP001\Logical\Libraries\Lib489\mbWriteSingleReg.st"
    LogicalPath="Libraries.Lib489.mbWriteSingleReg.st"
    Type="File"
    LastWriteTime="132683152312074534"
    Private="false" />
  <Object
    Path="C:\Users\User\Desktop\IP001\IP001\Logical\Libraries\Lib489\mbWriteMultipleRegs.st"
    LogicalPath="Libraries.Lib489.mbWriteMultipleRegs.st"
    Type="File"
    LastWriteTime="132683152312074534"
    Private="false" />
  <Object
    Path="C:\Users\User\Desktop\IP001\IP001\Logical\Libraries\Lib489\ATV_Control.st"
    LogicalPath="Libraries.Lib489.ATV_Control.st"
    Type="File"
    LastWriteTime="132683152312074534"
    Private="false" />
  <Object
    Path="C:\Users\User\Desktop\IP001\IP001\Logical\Libraries\Lib489\fAuma_MB.st"
    LogicalPath="Libraries.Lib489.fAuma_MB.st"
    Type="File"
    LastWriteTime="132683152312230534"
    Private="false" />
  <Object
    Path="C:\Users\User\Desktop\IP001\IP001\Logical\Libraries\LibIP001\IEC.lby"
    LogicalPath="Libraries.LibIP001"
    Type="Library"
    LastWriteTime="132724530063670402" />
  <Object
    Path="C:\Users\User\Desktop\IP001\IP001\Logical\Libraries\LibIP001\Types.typ"
    LogicalPath="Libraries.LibIP001.Types.typ"
    Type="File"
    LastWriteTime="132720270914990904"
    Private="false" />
  <Object
    Path="C:\Users\User\Desktop\IP001\IP001\Logical\Libraries\LibIP001\Constants.var"
    LogicalPath="Libraries.LibIP001.Constants.var"
    Type="File"
    LastWriteTime="132718389325241571"
    Private="false" />
  <Object
    Path="C:\Users\User\Desktop\IP001\IP001\Logical\Libraries\LibIP001\LibIP001.fun"
    LogicalPath="Libraries.LibIP001.LibIP001.fun"
    Type="File"
    LastWriteTime="132724533832249025"
    Private="false" />
  <Object
    Path="C:\Users\User\Desktop\IP001\IP001\Logical\Libraries\LibIP001\Valve_Biffi.st"
    LogicalPath="Libraries.LibIP001.Valve_Biffi.st"
    Type="File"
    LastWriteTime="132724531304828583"
    Private="false" />
  <Object
    Path="C:\Users\User\Desktop\IP001\IP001\Logical\Libraries\LibIP001\Level_Insol.st"
    LogicalPath="Libraries.LibIP001.Level_Insol.st"
    Type="File"
    LastWriteTime="132721037633188055"
    Private="false" />
  <Object
    Path="C:\Users\User\Desktop\IP001\IP001\Logical\Libraries\LibIP001\Valve_XCH.st"
    LogicalPath="Libraries.LibIP001.Valve_XCH.st"
    Type="File"
    LastWriteTime="132724536595531882"
    Private="false" />
  <Object
    Path="C:\Users\User\Desktop\IP001\IP001\Logical\Libraries\standard\binary.lby"
    LogicalPath="Libraries.standard"
    Type="Library"
    LastWriteTime="132683152340310584" />
  <Object
    Path="C:\Users\User\Desktop\IP001\IP001\Logical\Libraries\standard\standard.fun"
    LogicalPath="Libraries.standard.standard.fun"
    Type="File"
    LastWriteTime="132683152340154583"
    Private="false" />
  <Object
    Path="C:\Users\User\Desktop\IP001\IP001\Logical\Libraries\standard\standard.typ"
    LogicalPath="Libraries.standard.standard.typ"
    Type="File"
    LastWriteTime="132683152340310584"
    Private="false" />
  <Object
    Path="C:\Users\User\Desktop\IP001\IP001\Logical\Libraries\standard\standard.var"
    LogicalPath="Libraries.standard.standard.var"
    Type="File"
    LastWriteTime="132683152340310584"
    Private="false" />
  <Object
    Path="C:\Users\User\Desktop\IP001\IP001\Logical\Libraries\AsMbTCP\binary.lby"
    LogicalPath="Libraries.AsMbTCP"
    Type="Library"
    LastWriteTime="132683152341090585" />
  <Object
    Path="C:\Users\User\Desktop\IP001\IP001\Logical\Libraries\AsMbTCP\AsMbTCP.fun"
    LogicalPath="Libraries.AsMbTCP.AsMbTCP.fun"
    Type="File"
    LastWriteTime="132683152340934585"
    Private="false" />
  <Object
    Path="C:\Users\User\Desktop\IP001\IP001\Logical\Libraries\AsMbTCP\AsMbTCP.typ"
    LogicalPath="Libraries.AsMbTCP.AsMbTCP.typ"
    Type="File"
    LastWriteTime="132683152340934585"
    Private="false" />
  <Object
    Path="C:\Users\User\Desktop\IP001\IP001\Logical\Libraries\AsMbTCP\AsMbTCP.var"
    LogicalPath="Libraries.AsMbTCP.AsMbTCP.var"
    Type="File"
    LastWriteTime="132683152341090585"
    Private="false" />
  <Object
    Path="C:\Users\User\Desktop\IP001\IP001\Logical\Libraries\AsBrStr\binary.lby"
    LogicalPath="Libraries.AsBrStr"
    Type="Library"
    LastWriteTime="132683152341402586" />
  <Object
    Path="C:\Users\User\Desktop\IP001\IP001\Logical\Libraries\AsBrStr\AsBrStr.fun"
    LogicalPath="Libraries.AsBrStr.AsBrStr.fun"
    Type="File"
    LastWriteTime="132683152341402586"
    Private="false" />
  <Object
    Path="C:\Users\User\Desktop\IP001\IP001\Logical\Libraries\AsBrStr\AsBrStr.typ"
    LogicalPath="Libraries.AsBrStr.AsBrStr.typ"
    Type="File"
    LastWriteTime="132683152341402586"
    Private="false" />
  <Object
    Path="C:\Users\User\Desktop\IP001\IP001\Logical\Libraries\AsBrStr\AsBrStr.var"
    LogicalPath="Libraries.AsBrStr.AsBrStr.var"
    Type="File"
    LastWriteTime="132683152341402586"
    Private="false" />
  <Object
    Path="C:\Users\User\Desktop\IP001\IP001\Logical\Libraries\asstring\binary.lby"
    LogicalPath="Libraries.asstring"
    Type="Library"
    LastWriteTime="132683152342338587" />
  <Object
    Path="C:\Users\User\Desktop\IP001\IP001\Logical\Libraries\asstring\asstring.fun"
    LogicalPath="Libraries.asstring.asstring.fun"
    Type="File"
    LastWriteTime="132683152342338587"
    Private="false" />
  <Object
    Path="C:\Users\User\Desktop\IP001\IP001\Logical\Libraries\asstring\asstring.typ"
    LogicalPath="Libraries.asstring.asstring.typ"
    Type="File"
    LastWriteTime="132683152342338587"
    Private="false" />
  <Object
    Path="C:\Users\User\Desktop\IP001\IP001\Logical\Libraries\asstring\asstring.var"
    LogicalPath="Libraries.asstring.asstring.var"
    Type="File"
    LastWriteTime="132683152342338587"
    Private="false" />
  <Object
    Path="C:\Users\User\Desktop\IP001\IP001\Logical\Libraries\MTBasics\binary.lby"
    LogicalPath="Libraries.MTBasics"
    Type="Library"
    LastWriteTime="132683152342494588" />
  <Object
    Path="C:\Users\User\Desktop\IP001\IP001\Logical\Libraries\MTBasics\MTBasics.fun"
    LogicalPath="Libraries.MTBasics.MTBasics.fun"
    Type="File"
    LastWriteTime="132683152342338587"
    Private="false" />
  <Object
    Path="C:\Users\User\Desktop\IP001\IP001\Logical\Libraries\MTBasics\MTBasics.typ"
    LogicalPath="Libraries.MTBasics.MTBasics.typ"
    Type="File"
    LastWriteTime="132683152342494588"
    Private="false" />
  <Object
    Path="C:\Users\User\Desktop\IP001\IP001\Logical\Libraries\MTBasics\MTBasics.var"
    LogicalPath="Libraries.MTBasics.MTBasics.var"
    Type="File"
    LastWriteTime="132683152342494588"
    Private="false" />
  <Object
    Path="C:\Users\User\Desktop\IP001\IP001\Logical\Libraries\DRV_mbus\binary.lby"
    LogicalPath="Libraries.DRV_mbus"
    Type="Library"
    LastWriteTime="132683152343586589" />
  <Object
    Path="C:\Users\User\Desktop\IP001\IP001\Logical\Libraries\DRV_mbus\DRV_mbus.fun"
    LogicalPath="Libraries.DRV_mbus.DRV_mbus.fun"
    Type="File"
    LastWriteTime="132683152342962588"
    Private="false" />
  <Object
    Path="C:\Users\User\Desktop\IP001\IP001\Logical\Libraries\DRV_mbus\DRV_mbus.typ"
    LogicalPath="Libraries.DRV_mbus.DRV_mbus.typ"
    Type="File"
    LastWriteTime="132683152342962588"
    Private="false" />
  <Object
    Path="C:\Users\User\Desktop\IP001\IP001\Logical\Libraries\DRV_mbus\DRV_mbus.var"
    LogicalPath="Libraries.DRV_mbus.DRV_mbus.var"
    Type="File"
    LastWriteTime="132683152343586589"
    Private="false" />
  <Object
    Path="C:\Users\User\Desktop\IP001\IP001\Logical\Libraries\DataObj\binary.lby"
    LogicalPath="Libraries.DataObj"
    Type="Library"
    LastWriteTime="132683152345302592" />
  <Object
    Path="C:\Users\User\Desktop\IP001\IP001\Logical\Libraries\DataObj\DataObj.fun"
    LogicalPath="Libraries.DataObj.DataObj.fun"
    Type="File"
    LastWriteTime="132683152344834592"
    Private="false" />
  <Object
    Path="C:\Users\User\Desktop\IP001\IP001\Logical\Libraries\DataObj\DataObj.typ"
    LogicalPath="Libraries.DataObj.DataObj.typ"
    Type="File"
    LastWriteTime="132683152344834592"
    Private="false" />
  <Object
    Path="C:\Users\User\Desktop\IP001\IP001\Logical\Libraries\DataObj\DataObj.var"
    LogicalPath="Libraries.DataObj.DataObj.var"
    Type="File"
    LastWriteTime="132683152345302592"
    Private="false" />
  <Object
    Path="C:\Users\User\Desktop\IP001\IP001\Logical\Libraries\sys_lib\binary.lby"
    LogicalPath="Libraries.sys_lib"
    Type="Library"
    LastWriteTime="132683152347330596" />
  <Object
    Path="C:\Users\User\Desktop\IP001\IP001\Logical\Libraries\sys_lib\sys_lib.fun"
    LogicalPath="Libraries.sys_lib.sys_lib.fun"
    Type="File"
    LastWriteTime="132683152346394594"
    Private="false" />
  <Object
    Path="C:\Users\User\Desktop\IP001\IP001\Logical\Libraries\sys_lib\sys_lib.typ"
    LogicalPath="Libraries.sys_lib.sys_lib.typ"
    Type="File"
    LastWriteTime="132683152346862595"
    Private="false" />
  <Object
    Path="C:\Users\User\Desktop\IP001\IP001\Logical\Libraries\sys_lib\sys_lib.var"
    LogicalPath="Libraries.sys_lib.sys_lib.var"
    Type="File"
    LastWriteTime="132683152347330596"
    Private="false" />
  <Object
    Path="C:\Users\User\Desktop\IP001\IP001\Logical\Libraries\brsystem\binary.lby"
    LogicalPath="Libraries.brsystem"
    Type="Library"
    LastWriteTime="132683152349202599" />
  <Object
    Path="C:\Users\User\Desktop\IP001\IP001\Logical\Libraries\brsystem\brsystem.fun"
    LogicalPath="Libraries.brsystem.brsystem.fun"
    Type="File"
    LastWriteTime="132683152349202599"
    Private="false" />
  <Object
    Path="C:\Users\User\Desktop\IP001\IP001\Logical\Libraries\brsystem\brsystem.typ"
    LogicalPath="Libraries.brsystem.brsystem.typ"
    Type="File"
    LastWriteTime="132683152349202599"
    Private="false" />
  <Object
    Path="C:\Users\User\Desktop\IP001\IP001\Logical\Libraries\brsystem\brsystem.var"
    LogicalPath="Libraries.brsystem.brsystem.var"
    Type="File"
    LastWriteTime="132683152349202599"
    Private="false" />
  <Object
    Path="C:\Users\User\Desktop\IP001\IP001\Logical\Libraries\MTTypes\binary.lby"
    LogicalPath="Libraries.MTTypes"
    Type="Library"
    LastWriteTime="132683152350138601" />
  <Object
    Path="C:\Users\User\Desktop\IP001\IP001\Logical\Libraries\MTTypes\MTTypes.fun"
    LogicalPath="Libraries.MTTypes.MTTypes.fun"
    Type="File"
    LastWriteTime="132683152350138601"
    Private="false" />
  <Object
    Path="C:\Users\User\Desktop\IP001\IP001\Logical\Libraries\MTTypes\MTTypes.typ"
    LogicalPath="Libraries.MTTypes.MTTypes.typ"
    Type="File"
    LastWriteTime="132683152350138601"
    Private="false" />
  <Object
    Path="C:\Users\User\Desktop\IP001\IP001\Logical\Libraries\MTTypes\MTTypes.var"
    LogicalPath="Libraries.MTTypes.MTTypes.var"
    Type="File"
    LastWriteTime="132683152350138601"
    Private="false" />
  <Object
    Path="C:\Users\User\Desktop\IP001\IP001\Logical\Libraries\dvframe\binary.lby"
    LogicalPath="Libraries.dvframe"
    Type="Library"
    LastWriteTime="132683152350762602" />
  <Object
    Path="C:\Users\User\Desktop\IP001\IP001\Logical\Libraries\dvframe\dvframe.fun"
    LogicalPath="Libraries.dvframe.dvframe.fun"
    Type="File"
    LastWriteTime="132683152350450601"
    Private="false" />
  <Object
    Path="C:\Users\User\Desktop\IP001\IP001\Logical\Libraries\dvframe\dvframe.typ"
    LogicalPath="Libraries.dvframe.dvframe.typ"
    Type="File"
    LastWriteTime="132683152350450601"
    Private="false" />
  <Object
    Path="C:\Users\User\Desktop\IP001\IP001\Logical\Libraries\dvframe\dvframe.var"
    LogicalPath="Libraries.dvframe.dvframe.var"
    Type="File"
    LastWriteTime="132683152350762602"
    Private="false" />
  <Object
    Path="C:\Users\User\Desktop\IP001\IP001\Logical\DCS2_2\IEC.prg"
    LogicalPath="DCS2_2"
    Type="Program"
    LastWriteTime="132718368018442097" />
  <Object
    Path="C:\Users\User\Desktop\IP001\IP001\Logical\DCS2_2\Main.st"
    LogicalPath="DCS2_2.Main.st"
    Type="File"
    LastWriteTime="132721002486866138"
    Private="false" />
  <Object
    Path="C:\Users\User\Desktop\IP001\IP001\Logical\DCS2_2\Types.typ"
    LogicalPath="DCS2_2.Types.typ"
    Type="File"
    LastWriteTime="132718368013918089"
    Private="true" />
  <Object
    Path="C:\Users\User\Desktop\IP001\IP001\Logical\DCS2_2\Variables.var"
    LogicalPath="DCS2_2.Variables.var"
    Type="File"
    LastWriteTime="132721000038799832"
    Private="true" />
  <Object
    Path="C:\Users\User\Desktop\IP001\IP001\Logical\DCS4_1\IEC.prg"
    LogicalPath="DCS4_1"
    Type="Program"
    LastWriteTime="132718367938881957" />
  <Object
    Path="C:\Users\User\Desktop\IP001\IP001\Logical\DCS4_1\Main.st"
    LogicalPath="DCS4_1.Main.st"
    Type="File"
    LastWriteTime="132724569048902927"
    Private="false" />
  <Object
    Path="C:\Users\User\Desktop\IP001\IP001\Logical\DCS4_1\Types.typ"
    LogicalPath="DCS4_1.Types.typ"
    Type="File"
    LastWriteTime="132718367938881957"
    Private="true" />
  <Object
    Path="C:\Users\User\Desktop\IP001\IP001\Logical\DCS4_1\Variables.var"
    LogicalPath="DCS4_1.Variables.var"
    Type="File"
    LastWriteTime="132725354973622513"
    Private="true" />
  <Object
    Path="C:\Users\User\Desktop\IP001\IP001\Logical\DCS5_1\IEC.prg"
    LogicalPath="DCS5_1"
    Type="Program"
    LastWriteTime="132684787948698718" />
  <Object
    Path="C:\Users\User\Desktop\IP001\IP001\Logical\DCS5_1\Main.st"
    LogicalPath="DCS5_1.Main.st"
    Type="File"
    LastWriteTime="132724568944694744"
    Private="false" />
  <Object
    Path="C:\Users\User\Desktop\IP001\IP001\Logical\DCS5_1\Types.typ"
    LogicalPath="DCS5_1.Types.typ"
    Type="File"
    LastWriteTime="132684787948698718"
    Private="true" />
  <Object
    Path="C:\Users\User\Desktop\IP001\IP001\Logical\DCS5_1\Variables.var"
    LogicalPath="DCS5_1.Variables.var"
    Type="File"
    LastWriteTime="132725354958334486"
    Private="true" />
  <Object
    Path="C:\Users\User\Desktop\IP001\IP001\Logical\DCS9_1\IEC.prg"
    LogicalPath="DCS9_1"
    Type="Program"
    LastWriteTime="132684820777297243" />
  <Object
    Path="C:\Users\User\Desktop\IP001\IP001\Logical\DCS9_1\Main.st"
    LogicalPath="DCS9_1.Main.st"
    Type="File"
    LastWriteTime="132724575716876650"
    Private="false" />
  <Object
    Path="C:\Users\User\Desktop\IP001\IP001\Logical\DCS9_1\Types.typ"
    LogicalPath="DCS9_1.Types.typ"
    Type="File"
    LastWriteTime="132684820777297243"
    Private="true" />
  <Object
    Path="C:\Users\User\Desktop\IP001\IP001\Logical\DCS9_1\Variables.var"
    LogicalPath="DCS9_1.Variables.var"
    Type="File"
    LastWriteTime="132724575231403797"
    Private="true" />
  <Object
    Path="C:\Users\User\Desktop\IP001\IP001\Logical\DCS13_1\IEC.prg"
    LogicalPath="DCS13_1"
    Type="Program"
    LastWriteTime="132684828793865443" />
  <Object
    Path="C:\Users\User\Desktop\IP001\IP001\Logical\DCS13_1\Main.st"
    LogicalPath="DCS13_1.Main.st"
    Type="File"
    LastWriteTime="132724601499322080"
    Private="false" />
  <Object
    Path="C:\Users\User\Desktop\IP001\IP001\Logical\DCS13_1\Types.typ"
    LogicalPath="DCS13_1.Types.typ"
    Type="File"
    LastWriteTime="132684828793865443"
    Private="true" />
  <Object
    Path="C:\Users\User\Desktop\IP001\IP001\Logical\DCS13_1\Variables.var"
    LogicalPath="DCS13_1.Variables.var"
    Type="File"
    LastWriteTime="132724579189532755"
    Private="true" />
  <Object
    Path="C:\Users\User\Desktop\IP001\IP001\Logical\DCS15_1\IEC.prg"
    LogicalPath="DCS15_1"
    Type="Program"
    LastWriteTime="132684836542661180" />
  <Object
    Path="C:\Users\User\Desktop\IP001\IP001\Logical\DCS15_1\Main.st"
    LogicalPath="DCS15_1.Main.st"
    Type="File"
    LastWriteTime="132724604426581225"
    Private="false" />
  <Object
    Path="C:\Users\User\Desktop\IP001\IP001\Logical\DCS15_1\Types.typ"
    LogicalPath="DCS15_1.Types.typ"
    Type="File"
    LastWriteTime="132684836542661180"
    Private="true" />
  <Object
    Path="C:\Users\User\Desktop\IP001\IP001\Logical\DCS15_1\Variables.var"
    LogicalPath="DCS15_1.Variables.var"
    Type="File"
    LastWriteTime="132724602958286645"
    Private="true" />
  <Object
    Path="C:\Users\User\Desktop\IP001\IP001\Logical\DCS18_1\IEC.prg"
    LogicalPath="DCS18_1"
    Type="Program"
    LastWriteTime="132717737004876845" />
  <Object
    Path="C:\Users\User\Desktop\IP001\IP001\Logical\DCS18_1\Main.st"
    LogicalPath="DCS18_1.Main.st"
    Type="File"
    LastWriteTime="132723620028998147"
    Private="false" />
  <Object
    Path="C:\Users\User\Desktop\IP001\IP001\Logical\DCS18_1\Types.typ"
    LogicalPath="DCS18_1.Types.typ"
    Type="File"
    LastWriteTime="132717737004876845"
    Private="true" />
  <Object
    Path="C:\Users\User\Desktop\IP001\IP001\Logical\DCS18_1\Variables.var"
    LogicalPath="DCS18_1.Variables.var"
    Type="File"
    LastWriteTime="132717737004876845"
    Private="true" />
  <Object
    Path="C:\Users\User\Desktop\IP001\IP001\Logical\DCS31_1\IEC.prg"
    LogicalPath="DCS31_1"
    Type="Program"
    LastWriteTime="132690923522978186" />
  <Object
    Path="C:\Users\User\Desktop\IP001\IP001\Logical\DCS31_1\Main.st"
    LogicalPath="DCS31_1.Main.st"
    Type="File"
    LastWriteTime="132724608796882907"
    Private="false" />
  <Object
    Path="C:\Users\User\Desktop\IP001\IP001\Logical\DCS31_1\Types.typ"
    LogicalPath="DCS31_1.Types.typ"
    Type="File"
    LastWriteTime="132690923522978186"
    Private="true" />
  <Object
    Path="C:\Users\User\Desktop\IP001\IP001\Logical\DCS31_1\Variables.var"
    LogicalPath="DCS31_1.Variables.var"
    Type="File"
    LastWriteTime="132724608352428126"
    Private="true" />
  <Object
    Path="C:\Users\User\Desktop\IP001\IP001\Logical\DCS31_2\IEC.prg"
    LogicalPath="DCS31_2"
    Type="Program"
    LastWriteTime="132715086170210058" />
  <Object
    Path="C:\Users\User\Desktop\IP001\IP001\Logical\DCS31_2\Main.st"
    LogicalPath="DCS31_2.Main.st"
    Type="File"
    LastWriteTime="132725437190938439"
    Private="false" />
  <Object
    Path="C:\Users\User\Desktop\IP001\IP001\Logical\DCS31_2\Types.typ"
    LogicalPath="DCS31_2.Types.typ"
    Type="File"
    LastWriteTime="132715086169898057"
    Private="true" />
  <Object
    Path="C:\Users\User\Desktop\IP001\IP001\Logical\DCS31_2\Variables.var"
    LogicalPath="DCS31_2.Variables.var"
    Type="File"
    LastWriteTime="132725433306613604"
    Private="true" />
  <Object
    Path="C:\Users\User\Desktop\IP001\IP001\Logical\DCS31_3\IEC.prg"
    LogicalPath="DCS31_3"
    Type="Program"
    LastWriteTime="132715091722035831" />
  <Object
    Path="C:\Users\User\Desktop\IP001\IP001\Logical\DCS31_3\Main.st"
    LogicalPath="DCS31_3.Main.st"
    Type="File"
    LastWriteTime="132725439131615858"
    Private="false" />
  <Object
    Path="C:\Users\User\Desktop\IP001\IP001\Logical\DCS31_3\Types.typ"
    LogicalPath="DCS31_3.Types.typ"
    Type="File"
    LastWriteTime="132715091722035831"
    Private="true" />
  <Object
    Path="C:\Users\User\Desktop\IP001\IP001\Logical\DCS31_3\Variables.var"
    LogicalPath="DCS31_3.Variables.var"
    Type="File"
    LastWriteTime="132725433354349687"
    Private="true" />
  <Object
    Path="C:\Users\User\Desktop\IP001\IP001\Logical\DCS31_4\IEC.prg"
    LogicalPath="DCS31_4"
    Type="Program"
    LastWriteTime="132715091757447894" />
  <Object
    Path="C:\Users\User\Desktop\IP001\IP001\Logical\DCS31_4\Main.st"
    LogicalPath="DCS31_4.Main.st"
    Type="File"
    LastWriteTime="132725441172627446"
    Private="false" />
  <Object
    Path="C:\Users\User\Desktop\IP001\IP001\Logical\DCS31_4\Types.typ"
    LogicalPath="DCS31_4.Types.typ"
    Type="File"
    LastWriteTime="132715091757447894"
    Private="true" />
  <Object
    Path="C:\Users\User\Desktop\IP001\IP001\Logical\DCS31_4\Variables.var"
    LogicalPath="DCS31_4.Variables.var"
    Type="File"
    LastWriteTime="132725441017719174"
    Private="true" />
  <Object
    Path="C:\Users\User\Desktop\IP001\IP001\Logical\DCS34_1\IEC.prg"
    LogicalPath="DCS34_1"
    Type="Program"
    LastWriteTime="132717711673660048" />
  <Object
    Path="C:\Users\User\Desktop\IP001\IP001\Logical\DCS34_1\Main.st"
    LogicalPath="DCS34_1.Main.st"
    Type="File"
    LastWriteTime="132725448940905329"
    Private="false" />
  <Object
    Path="C:\Users\User\Desktop\IP001\IP001\Logical\DCS34_1\Types.typ"
    LogicalPath="DCS34_1.Types.typ"
    Type="File"
    LastWriteTime="132717711673660048"
    Private="true" />
  <Object
    Path="C:\Users\User\Desktop\IP001\IP001\Logical\DCS34_1\Variables.var"
    LogicalPath="DCS34_1.Variables.var"
    Type="File"
    LastWriteTime="132725446581043060"
    Private="true" />
  <Object
    Path="C:\Users\User\Desktop\IP001\IP001\Logical\DCS35_1\IEC.prg"
    LogicalPath="DCS35_1"
    Type="Program"
    LastWriteTime="132717716346412503" />
  <Object
    Path="C:\Users\User\Desktop\IP001\IP001\Logical\DCS35_1\Main.st"
    LogicalPath="DCS35_1.Main.st"
    Type="File"
    LastWriteTime="132725450593510245"
    Private="false" />
  <Object
    Path="C:\Users\User\Desktop\IP001\IP001\Logical\DCS35_1\Types.typ"
    LogicalPath="DCS35_1.Types.typ"
    Type="File"
    LastWriteTime="132717716346412503"
    Private="true" />
  <Object
    Path="C:\Users\User\Desktop\IP001\IP001\Logical\DCS35_1\Variables.var"
    LogicalPath="DCS35_1.Variables.var"
    Type="File"
    LastWriteTime="132725450069339324"
    Private="true" />
  <Object
    Path="C:\Users\User\Desktop\IP001\IP001\Logical\DCS36_1\IEC.prg"
    LogicalPath="DCS36_1"
    Type="Program"
    LastWriteTime="132691015303938406" />
  <Object
    Path="C:\Users\User\Desktop\IP001\IP001\Logical\DCS36_1\Main.st"
    LogicalPath="DCS36_1.Main.st"
    Type="File"
    LastWriteTime="132725516117695472"
    Private="false" />
  <Object
    Path="C:\Users\User\Desktop\IP001\IP001\Logical\DCS36_1\Types.typ"
    LogicalPath="DCS36_1.Types.typ"
    Type="File"
    LastWriteTime="132691015303938406"
    Private="true" />
  <Object
    Path="C:\Users\User\Desktop\IP001\IP001\Logical\DCS36_1\Variables.var"
    LogicalPath="DCS36_1.Variables.var"
    Type="File"
    LastWriteTime="132723614288749922"
    Private="true" />
  <Object
    Path="C:\Users\User\Desktop\IP001\IP001\Logical\DCS37_1\IEC.prg"
    LogicalPath="DCS37_1"
    Type="Program"
    LastWriteTime="132717718385854088" />
  <Object
    Path="C:\Users\User\Desktop\IP001\IP001\Logical\DCS37_1\Main.st"
    LogicalPath="DCS37_1.Main.st"
    Type="File"
    LastWriteTime="132725493216939219"
    Private="false" />
  <Object
    Path="C:\Users\User\Desktop\IP001\IP001\Logical\DCS37_1\Types.typ"
    LogicalPath="DCS37_1.Types.typ"
    Type="File"
    LastWriteTime="132717718385854088"
    Private="true" />
  <Object
    Path="C:\Users\User\Desktop\IP001\IP001\Logical\DCS37_1\Variables.var"
    LogicalPath="DCS37_1.Variables.var"
    Type="File"
    LastWriteTime="132725486639975641"
    Private="true" />
  <Object
    Path="C:\Users\User\Desktop\IP001\IP001\Logical\DCS39_1\IEC.prg"
    LogicalPath="DCS39_1"
    Type="Program"
    LastWriteTime="132717722962870142" />
  <Object
    Path="C:\Users\User\Desktop\IP001\IP001\Logical\DCS39_1\Main.st"
    LogicalPath="DCS39_1.Main.st"
    Type="File"
    LastWriteTime="132725507403290153"
    Private="false" />
  <Object
    Path="C:\Users\User\Desktop\IP001\IP001\Logical\DCS39_1\Types.typ"
    LogicalPath="DCS39_1.Types.typ"
    Type="File"
    LastWriteTime="132717722962870142"
    Private="true" />
  <Object
    Path="C:\Users\User\Desktop\IP001\IP001\Logical\DCS39_1\Variables.var"
    LogicalPath="DCS39_1.Variables.var"
    Type="File"
    LastWriteTime="132725505402380636"
    Private="true" />
  <Object
    Path="C:\Users\User\Desktop\IP001\IP001\Logical\DCS40_1\IEC.prg"
    LogicalPath="DCS40_1"
    Type="Program"
    LastWriteTime="132717724717279225" />
  <Object
    Path="C:\Users\User\Desktop\IP001\IP001\Logical\DCS40_1\Main.st"
    LogicalPath="DCS40_1.Main.st"
    Type="File"
    LastWriteTime="132725508655398355"
    Private="false" />
  <Object
    Path="C:\Users\User\Desktop\IP001\IP001\Logical\DCS40_1\Types.typ"
    LogicalPath="DCS40_1.Types.typ"
    Type="File"
    LastWriteTime="132717724717279225"
    Private="true" />
  <Object
    Path="C:\Users\User\Desktop\IP001\IP001\Logical\DCS40_1\Variables.var"
    LogicalPath="DCS40_1.Variables.var"
    Type="File"
    LastWriteTime="132725507984431176"
    Private="true" />
  <Object
    Path="C:\Users\User\Desktop\IP001\IP001\Physical\DCS40_1\Config.pkg"
    LogicalPath="DCS40_1"
    Type="Configuration.ParentUnknown"
    LastWriteTime="132717724594819010" />
  <Object
    Path="C:\Users\User\Desktop\IP001\IP001\Physical\DCS40_1\Hardware.hw"
    LogicalPath="DCS40_1.Hardware.hw"
    Type="File"
    LastWriteTime="132717724588735000"
    Private="false" />
  <Object
    Path="C:\Users\User\Desktop\IP001\IP001\Physical\DCS40_1\Hardware.hwl"
    LogicalPath="DCS40_1.Hardware.hwl"
    Type="File"
    LastWriteTime="132717726444398261"
    Private="false" />
  <Object
    Path="C:\Users\User\Desktop\IP001\IP001\Physical\DCS40_1\X20CP1584\Cpu.pkg"
    LogicalPath="DCS40_1.X20CP1584"
    Type="Cpu"
    LastWriteTime="132717724594663010" />
  <Object
    Path="C:\Users\User\Desktop\IP001\IP001\Physical\DCS40_1\X20CP1584\Cpu.sw"
    LogicalPath="DCS40_1.X20CP1584.Cpu.sw"
    Type="File"
    LastWriteTime="132725516075575398"
    Private="false" />
  <Object
    Path="C:\Users\User\Desktop\IP001\IP001\Physical\DCS40_1\X20CP1584\Cpu.per"
    LogicalPath="DCS40_1.X20CP1584.Cpu.per"
    Type="File"
    LastWriteTime="132717724588891000"
    Private="false" />
  <Object
    Path="C:\Users\User\Desktop\IP001\IP001\Physical\DCS40_1\X20CP1584\IoMap.iom"
    LogicalPath="DCS40_1.X20CP1584.IoMap.iom"
    Type="File"
    LastWriteTime="132717726234109892"
    Private="false" />
  <Object
    Path="C:\Users\User\Desktop\IP001\IP001\Physical\DCS40_1\X20CP1584\PvMap.vvm"
    LogicalPath="DCS40_1.X20CP1584.PvMap.vvm"
    Type="File"
    LastWriteTime="132717724588891000"
    Private="false" />
  <Object
    Path="C:\Users\User\Desktop\IP001\IP001\Physical\DCS40_1\X20CP1584\Connectivity\Package.pkg"
    LogicalPath="DCS40_1.X20CP1584.Connectivity"
    Type="Package"
    LastWriteTime="132717724588891000" />
  <Object
    Path="C:\Users\User\Desktop\IP001\IP001\Physical\DCS40_1\X20CP1584\Connectivity\OpcUA\Package.pkg"
    LogicalPath="DCS40_1.X20CP1584.Connectivity.OpcUA"
    Type="Package"
    LastWriteTime="132717724588891000" />
  <Object
    Path="C:\Users\User\Desktop\IP001\IP001\Physical\DCS40_1\X20CP1584\TextSystem\Package.pkg"
    LogicalPath="DCS40_1.X20CP1584.TextSystem"
    Type="Package"
    LastWriteTime="132717724589203001" />
  <Object
    Path="C:\Users\User\Desktop\IP001\IP001\Physical\DCS40_1\X20CP1584\UnitSystem\Package.pkg"
    LogicalPath="DCS40_1.X20CP1584.UnitSystem"
    Type="Package"
    LastWriteTime="132717724589203001" />
  <Object
    Path="C:\Users\User\Desktop\IP001\IP001\Physical\DCS40_1\X20CP1584\AccessAndSecurity\Package.pkg"
    LogicalPath="DCS40_1.X20CP1584.AccessAndSecurity"
    Type="Package"
    LastWriteTime="132717724594507010" />
  <Object
    Path="C:\Users\User\Desktop\IP001\IP001\Physical\DCS40_1\X20CP1584\AccessAndSecurity\UserRoleSystem\Package.pkg"
    LogicalPath="DCS40_1.X20CP1584.AccessAndSecurity.UserRoleSystem"
    Type="Package"
    LastWriteTime="132717724589359001" />
  <Object
    Path="C:\Users\User\Desktop\IP001\IP001\Physical\DCS40_1\X20CP1584\AccessAndSecurity\UserRoleSystem\Role.role"
    LogicalPath="DCS40_1.X20CP1584.AccessAndSecurity.UserRoleSystem.Role.role"
    Type="File"
    LastWriteTime="132717724589359001"
    Private="false" />
  <Object
    Path="C:\Users\User\Desktop\IP001\IP001\Physical\DCS40_1\X20CP1584\AccessAndSecurity\UserRoleSystem\User.user"
    LogicalPath="DCS40_1.X20CP1584.AccessAndSecurity.UserRoleSystem.User.user"
    Type="File"
    LastWriteTime="132717724589359001"
    Private="false" />
  <Object
    Path="C:\Users\User\Desktop\IP001\IP001\Physical\DCS40_1\X20CP1584\AccessAndSecurity\CertificateStore\Package.pkg"
    LogicalPath="DCS40_1.X20CP1584.AccessAndSecurity.CertificateStore"
    Type="Package"
    LastWriteTime="132717724594351010" />
  <Object
    Path="C:\Users\User\Desktop\IP001\IP001\Physical\DCS40_1\X20CP1584\AccessAndSecurity\CertificateStore\OwnCertificates\Package.pkg"
    LogicalPath="DCS40_1.X20CP1584.AccessAndSecurity.CertificateStore.OwnCertificates"
    Type="Package"
    LastWriteTime="132717724594039009" />
  <Object
    Path="C:\Users\User\Desktop\IP001\IP001\Physical\DCS40_1\X20CP1584\AccessAndSecurity\CertificateStore\OwnCertificates\Certificates\Package.pkg"
    LogicalPath="DCS40_1.X20CP1584.AccessAndSecurity.CertificateStore.OwnCertificates.Certificates"
    Type="Package"
    LastWriteTime="132717724589359001" />
  <Object
    Path="C:\Users\User\Desktop\IP001\IP001\Physical\DCS40_1\X20CP1584\AccessAndSecurity\CertificateStore\OwnCertificates\PrivateKeys\Package.pkg"
    LogicalPath="DCS40_1.X20CP1584.AccessAndSecurity.CertificateStore.OwnCertificates.PrivateKeys"
    Type="Package"
    LastWriteTime="132717724589515001" />
  <Object
    Path="C:\Users\User\Desktop\IP001\IP001\Physical\DCS40_1\X20CP1584\AccessAndSecurity\CertificateStore\ThirdPartyCertificates\Package.pkg"
    LogicalPath="DCS40_1.X20CP1584.AccessAndSecurity.CertificateStore.ThirdPartyCertificates"
    Type="Package"
    LastWriteTime="132717724594195009" />
  <Object
    Path="C:\Users\User\Desktop\IP001\IP001\Physical\DCS40_1\X20CP1584\AccessAndSecurity\CertificateStore\ThirdPartyCertificates\SoftwareCertificates\Package.pkg"
    LogicalPath="DCS40_1.X20CP1584.AccessAndSecurity.CertificateStore.ThirdPartyCertificates.SoftwareCertificates"
    Type="Package"
    LastWriteTime="132717724594195009" />
  <Object
    Path="C:\Users\User\Desktop\IP001\IP001\Physical\DCS40_1\X20CP1584\AccessAndSecurity\CertificateStore\CertificateRevocationLists\Package.pkg"
    LogicalPath="DCS40_1.X20CP1584.AccessAndSecurity.CertificateStore.CertificateRevocationLists"
    Type="Package"
    LastWriteTime="132717724594195009" />
  <Object
    Path="C:\Users\User\Desktop\IP001\IP001\Physical\DCS40_1\X20CP1584\AccessAndSecurity\CertificateStore\CertificateSigningRequests\Package.pkg"
    LogicalPath="DCS40_1.X20CP1584.AccessAndSecurity.CertificateStore.CertificateSigningRequests"
    Type="Package"
    LastWriteTime="132717724594351010" />
  <Object
    Path="C:\Users\User\Desktop\IP001\IP001\Physical\DCS40_1\X20CP1584\AccessAndSecurity\TransportLayerSecurity\Package.pkg"
    LogicalPath="DCS40_1.X20CP1584.AccessAndSecurity.TransportLayerSecurity"
    Type="Package"
    LastWriteTime="132717724594351010" />
  <Object
    Path="C:\Users\User\Desktop\IP001\IP001\Physical\DCS40_1\X20CP1584\AccessAndSecurity\Firewall\Package.pkg"
    LogicalPath="DCS40_1.X20CP1584.AccessAndSecurity.Firewall"
    Type="Package"
    LastWriteTime="132717724594507010" />
  <Object
    Path="C:\Users\User\Desktop\IP001\IP001\Physical\DCS40_1\X20CP1584\AccessAndSecurity\Firewall\Rules.firewallRules"
    LogicalPath="DCS40_1.X20CP1584.AccessAndSecurity.Firewall.Rules.firewallRules"
    Type="File"
    LastWriteTime="132717724594507010"
    Private="false" />
  <Object
    Path="C:\Users\User\Desktop\IP001\IP001\Physical\DCS40_1\X20CP1584\mappControl\Package.pkg"
    LogicalPath="DCS40_1.X20CP1584.mappControl"
    Type="Package"
    LastWriteTime="132717724594507010" />
  <Object
    Path="C:\Users\User\Desktop\IP001\IP001\Physical\DCS40_1\X20CP1584\mappMotion\Package.pkg"
    LogicalPath="DCS40_1.X20CP1584.mappMotion"
    Type="Package"
    LastWriteTime="132717724594507010" />
  <Object
    Path="C:\Users\User\Desktop\IP001\IP001\Physical\DCS40_1\X20CP1584\mappServices\Package.pkg"
    LogicalPath="DCS40_1.X20CP1584.mappServices"
    Type="Package"
    LastWriteTime="132717724594663010" />
  <Object
    Path="C:\Users\User\Desktop\IP001\IP001\Physical\DCS40_1\X20CP1584\mappView\Package.pkg"
    LogicalPath="DCS40_1.X20CP1584.mappView"
    Type="Package"
    LastWriteTime="132717724594663010" />
  <Object
    Path="C:\Users\User\Desktop\IP001\IP001\Physical\DCS40_1\X20CP1584\mappCockpit\Package.pkg"
    LogicalPath="DCS40_1.X20CP1584.mappCockpit"
    Type="Package"
    LastWriteTime="132717724594663010" />
  <Object
    Path="C:\Users\User\Desktop\IP001\IP001\Physical\DCS40_1\Hardware.jpg"
    LogicalPath="DCS40_1.Hardware.jpg"
    Type="File"
    LastWriteTime="132717726444398261"
    Private="false" />
</Objects>